
=== Wed Apr 13 21:33:36 2022

Packages were changed.
Update Mode: updateDependencies

The following packages were updated:
  com.unity.2d.animation from version 5.1.1 to 5.2.0
  com.unity.2d.psdimporter from version 4.2.0 to 4.3.0
  com.unity.2d.spriteshape from version 5.2.0 to 5.3.0
  com.unity.collab-proxy from version 1.15.13 to 1.15.15

=== Thu Jun  9 08:54:59 2022

Packages were changed.
Update Mode: updateDependencies

The following packages were updated:
  com.unity.2d.animation from version 5.2.0 to 7.0.5
  com.unity.2d.pixel-perfect from version 4.0.1 to 5.0.1
  com.unity.2d.psdimporter from version 4.3.0 to 6.0.3
  com.unity.2d.spriteshape from version 5.3.0 to 7.0.4
  com.unity.cinemachine from version 2.6.11 to 2.8.4
  com.unity.collab-proxy from version 1.15.15 to 1.15.17
  com.unity.ide.rider from version 2.0.7 to 3.0.14
  com.unity.ide.visualstudio from version 2.0.14 to 2.0.15
  com.unity.render-pipelines.universal from version 10.8.1 to 12.1.7
  com.unity.timeline from version 1.4.8 to 1.6.4
